<?xml version="1.0" encoding="UTF-8"?>
<!-- Generated by org.testng.reporters.JUnitReportReporter -->
<testsuite name="MyJenkins.NewJenkins.TestScript" tests="1" time="0.036" ignored="0" failures="0" timestamp="22 Aug 2018 12:39:39 GMT" skipped="0" hostname="Avish" errors="0">
  <testcase name="avish" time="0.036" classname="MyJenkins.NewJenkins.TestScript"/>
</testsuite> <!-- MyJenkins.NewJenkins.TestScript -->
